2026-07-01 21:58:26 ERROR  CarPark2018.Device.CashierBusiness.Fee CarPark2018.Device.CashierBusiness.Fee.InitDevices(:0) System.FormatException: 输入字符串的格式不正确。
   在 System.Number.StringToNumber(String str, NumberStyles options, NumberBuffer& number, NumberFormatInfo info, Boolean parseDecimal)
   在 System.Number.ParseInt32(String s, NumberStyles style, NumberFormatInfo info)
   在 System.String.System.IConvertible.ToInt32(IFormatProvider provider)
   在 System.Convert.ChangeType(Object value, Type conversionType, IFormatProvider provider)
   在 System.Convert.ChangeType(Object value, Type conversionType)
   在 CarPark2018.Device.CashierBusiness.Fee.getSettingVal[T](String index, String key)
   在 CarPark2018.Device.CashierBusiness.Fee.initSetting(String JsonStr)
   在 CarPark2018.Device.CashierBusiness.Fee.InitDevices() 
2026-07-01 21:58:26 ERROR  CarPark2018.CashierServiceCallBack CarPark2018.CashierServiceCallBack.LogError(:0) 未将对象引用设置到对象的实例。 
2026-07-01 21:58:26 ERROR  CarPark2018.CashierServiceCallBack CarPark2018.CashierServiceCallBack.LogError(:0) 未将对象引用设置到对象的实例。 
2026-07-01 21:58:26 ERROR  CarPark2018.CashierServiceCallBack CarPark2018.CashierServiceCallBack.LogError(:0) 未将对象引用设置到对象的实例。 
2026-07-01 21:58:26 ERROR  CarPark2018.CashierServiceCallBack CarPark2018.CashierServiceCallBack.LogError(:0) 未将对象引用设置到对象的实例。 
2026-07-01 21:58:27 ERROR  CarPark2018.CashierServiceCallBack CarPark2018.CashierServiceCallBack.LogError(:0) 未将对象引用设置到对象的实例。 
2026-07-01 21:58:27 ERROR  CarPark2018.CashierServiceCallBack CarPark2018.CashierServiceCallBack.LogError(:0) 未将对象引用设置到对象的实例。 
2026-07-01 21:58:27 ERROR  CarPark2018.CashierServiceCallBack CarPark2018.CashierServiceCallBack.LogError(:0) 未将对象引用设置到对象的实例。 
2026-07-01 21:58:27 ERROR  CarPark2018.CashierServiceCallBack CarPark2018.CashierServiceCallBack.LogError(:0) 未将对象引用设置到对象的实例。 
2026-07-01 21:58:29 ERROR  CarPark2018.CashierServiceCallBack CarPark2018.CashierServiceCallBack.LogError(:0) 未将对象引用设置到对象的实例。 
2026-07-01 21:58:29 ERROR  CarPark2018.CashierServiceCallBack CarPark2018.CashierServiceCallBack.LogError(:0) 未将对象引用设置到对象的实例。 
2026-07-01 21:58:29 ERROR  CarPark2018.CashierServiceCallBack CarPark2018.CashierServiceCallBack.LogError(:0) 未将对象引用设置到对象的实例。 
2026-07-01 21:58:29 ERROR  CarPark2018.CashierServiceCallBack CarPark2018.CashierServiceCallBack.LogError(:0) 未将对象引用设置到对象的实例。 
2026-07-01 21:58:33 ERROR  CarPark2018.FormMain CarPark2018.FormMain.<FormMain_Load>b__107_0(:0) System.NullReferenceException: 未将对象引用设置到对象的实例。
   在 CarPark2018.Device.CashierBusiness.Fee.Logon()
   在 CarPark2018.FormMain.<FormMain_Load>b__107_0(Object <p0>) 
